2026-05-21 19:20:50,328 INFO: Microblog startup [in D:\New Hope\Miguelmicroblog\app\__init__.py:43]
2026-05-21 19:49:14,553 INFO: Microblog startup [in D:\New Hope\Miguelmicroblog\app\__init__.py:43]
2026-05-21 19:49:23,877 ERROR: Exception on /user/febriannaufalirfan [GET] [in D:\New Hope\Miguelmicroblog\venv\Lib\site-packages\flask\app.py:875]
Traceback (most recent call last):
  File "D:\New Hope\Miguelmicroblog\venv\Lib\site-packages\flask\app.py", line 1511, in wsgi_app
    response = self.full_dispatch_request()
  File "D:\New Hope\Miguelmicroblog\venv\Lib\site-packages\flask\app.py", line 919, in full_dispatch_request
    rv = self.handle_user_exception(e)
  File "D:\New Hope\Miguelmicroblog\venv\Lib\site-packages\flask\app.py", line 917, in full_dispatch_request
    rv = self.dispatch_request()
  File "D:\New Hope\Miguelmicroblog\venv\Lib\site-packages\flask\app.py", line 902, in dispatch_request
    return self.ensure_sync(self.view_functions[rule.endpoint])(**view_args)  # type: ignore[no-any-return]
           ~~~~~~~~~~~~~~~~~~~~~~~~~~~~~~~~~~~~~~~~~~~~~~~~~~~~^^^^^^^^^^^^^
  File "D:\New Hope\Miguelmicroblog\venv\Lib\site-packages\flask_login\utils.py", line 290, in decorated_view
    return current_app.ensure_sync(func)(*args, **kwargs)
           ~~~~~~~~~~~~~~~~~~~~~~~~~~~~~^^^^^^^^^^^^^^^^^
  File "D:\New Hope\Miguelmicroblog\app\routes.py", line 69, in user
    per_page=app.config['POST_PER_PAGE'],
             ~~~~~~~~~~^^^^^^^^^^^^^^^^^
KeyError: 'POST_PER_PAGE'
2026-05-21 19:49:39,940 INFO: Microblog startup [in D:\New Hope\Miguelmicroblog\app\__init__.py:43]
2026-05-21 20:04:25,020 INFO: Microblog startup [in D:\New Hope\Miguelmicroblog\app\__init__.py:45]
2026-05-21 20:22:55,401 INFO: Microblog startup [in D:\New Hope\Miguelmicroblog\app\__init__.py:45]
2026-05-21 20:22:55,697 INFO: Microblog startup [in D:\New Hope\Miguelmicroblog\app\__init__.py:45]
2026-05-21 20:22:55,697 INFO: Microblog startup [in D:\New Hope\Miguelmicroblog\app\__init__.py:45]
